{
 "cells": [
  {
   "cell_type": "code",
   "execution_count": 3,
   "id": "0520dbc8",
   "metadata": {},
   "outputs": [
    {
     "data": {
      "text/plain": [
       "[RealDictRow([('QUERY PLAN',\n",
       "               'Gather  (cost=364308.09..644474.21 rows=1000000 width=544) (actual time=13937.530..16930.408 rows=1000000 loops=1)')]),\n",
       " RealDictRow([('QUERY PLAN', '  Workers Planned: 2')]),\n",
       " RealDictRow([('QUERY PLAN', '  Workers Launched: 2')]),\n",
       " RealDictRow([('QUERY PLAN',\n",
       "               '  ->  Parallel Hash Left Join  (cost=363308.09..543474.21 rows=416667 width=544) (actual time=13841.673..14280.439 rows=333333 loops=3)')]),\n",
       " RealDictRow([('QUERY PLAN', '        Hash Cond: (t1.link1 = t10.link10)')]),\n",
       " RealDictRow([('QUERY PLAN',\n",
       "               '        ->  Parallel Hash Left Join  (cost=339246.09..459145.59 rows=416667 width=490) (actual time=9639.109..10064.751 rows=333333 loops=3)')]),\n",
       " RealDictRow([('QUERY PLAN',\n",
       "               '              Hash Cond: (t1.link1 = t6.link6)')]),\n",
       " RealDictRow([('QUERY PLAN',\n",
       "               '              ->  Parallel Hash Left Join  (cost=315181.09..380509.97 rows=416667 width=435) (actual time=7919.660..8239.927 rows=333333 loops=3)')]),\n",
       " RealDictRow([('QUERY PLAN',\n",
       "               '                    Hash Cond: (t1.link1 = t2.link2)')]),\n",
       " RealDictRow([('QUERY PLAN',\n",
       "               '                    ->  Parallel Hash Left Join  (cost=24060.00..54350.28 rows=416667 width=109) (actual time=321.693..1222.433 rows=333333 loops=3)')]),\n",
       " RealDictRow([('QUERY PLAN',\n",
       "               '                          Hash Cond: (t1.link1 = t5.link5)')]),\n",
       " RealDictRow([('QUERY PLAN',\n",
       "               '                          ->  Parallel Seq Scan on task31 t1  (cost=0.00..14781.67 rows=416667 width=55) (actual time=0.042..51.253 rows=333333 loops=3)')]),\n",
       " RealDictRow([('QUERY PLAN',\n",
       "               '                          ->  Parallel Hash  (cost=14781.67..14781.67 rows=416667 width=54) (actual time=141.910..141.912 rows=333333 loops=3)')]),\n",
       " RealDictRow([('QUERY PLAN',\n",
       "               '                                Buckets: 65536  Batches: 32  Memory Usage: 3328kB')]),\n",
       " RealDictRow([('QUERY PLAN',\n",
       "               '                                ->  Parallel Seq Scan on task35 t5  (cost=0.00..14781.67 rows=416667 width=54) (actual time=0.049..34.949 rows=333333 loops=3)')]),\n",
       " RealDictRow([('QUERY PLAN',\n",
       "               '                    ->  Parallel Hash  (cost=268008.74..268008.74 rows=416667 width=326) (actual time=6471.322..6472.653 rows=333333 loops=3)')]),\n",
       " RealDictRow([('QUERY PLAN',\n",
       "               '                          Buckets: 16384  Batches: 128  Memory Usage: 3072kB')]),\n",
       " RealDictRow([('QUERY PLAN',\n",
       "               '                          ->  Parallel Hash Left Join  (cost=120334.02..268008.74 rows=416667 width=326) (actual time=5759.058..5986.340 rows=333333 loops=3)')]),\n",
       " RealDictRow([('QUERY PLAN',\n",
       "               '                                Hash Cond: (t2.link2 = t8.link8)')]),\n",
       " RealDictRow([('QUERY PLAN',\n",
       "               '                                ->  Parallel Hash Left Join  (cost=96262.02..206456.13 rows=416667 width=271) (actual time=4826.879..5095.099 rows=333333 loops=3)')]),\n",
       " RealDictRow([('QUERY PLAN',\n",
       "               '                                      Hash Cond: (t2.link2 = t4.link4)')]),\n",
       " RealDictRow([('QUERY PLAN',\n",
       "               '                                      ->  Parallel Hash Left Join  (cost=72197.01..150606.51 rows=416667 width=216) (actual time=3354.729..3627.771 rows=333333 loops=3)')]),\n",
       " RealDictRow([('QUERY PLAN',\n",
       "               '                                            Hash Cond: (t2.link2 = t9.link9)')]),\n",
       " RealDictRow([('QUERY PLAN',\n",
       "               '                                            ->  Parallel Hash Left Join  (cost=48137.01..99645.90 rows=416667 width=162) (actual time=2149.964..2603.205 rows=333333 loops=3)')]),\n",
       " RealDictRow([('QUERY PLAN',\n",
       "               '                                                  Hash Cond: (t2.link2 = t7.link7)')]),\n",
       " RealDictRow([('QUERY PLAN',\n",
       "               '                                                  ->  Parallel Hash Left Join  (cost=24068.00..54372.28 rows=416667 width=108) (actual time=729.635..1290.782 rows=333333 loops=3)')]),\n",
       " RealDictRow([('QUERY PLAN',\n",
       "               '                                                        Hash Cond: (t2.link2 = t3.link3)')]),\n",
       " RealDictRow([('QUERY PLAN',\n",
       "               '                                                        ->  Parallel Seq Scan on task32 t2  (cost=0.00..14795.67 rows=416667 width=54) (actual time=0.048..90.554 rows=333333 loops=3)')]),\n",
       " RealDictRow([('QUERY PLAN',\n",
       "               '                                                        ->  Parallel Hash  (cost=14789.67..14789.67 rows=416667 width=54) (actual time=376.560..376.561 rows=333333 loops=3)')]),\n",
       " RealDictRow([('QUERY PLAN',\n",
       "               '                                                              Buckets: 65536  Batches: 32  Memory Usage: 3360kB')]),\n",
       " RealDictRow([('QUERY PLAN',\n",
       "               '                                                              ->  Parallel Seq Scan on task33 t3  (cost=0.00..14789.67 rows=416667 width=54) (actual time=0.046..114.059 rows=333333 loops=3)')]),\n",
       " RealDictRow([('QUERY PLAN',\n",
       "               '                                                  ->  Parallel Hash  (cost=14790.67..14790.67 rows=416667 width=54) (actual time=358.861..358.862 rows=333333 loops=3)')]),\n",
       " RealDictRow([('QUERY PLAN',\n",
       "               '                                                        Buckets: 65536  Batches: 32  Memory Usage: 3328kB')]),\n",
       " RealDictRow([('QUERY PLAN',\n",
       "               '                                                        ->  Parallel Seq Scan on task37 t7  (cost=0.00..14790.67 rows=416667 width=54) (actual time=0.050..105.432 rows=333333 loops=3)')]),\n",
       " RealDictRow([('QUERY PLAN',\n",
       "               '                                            ->  Parallel Hash  (cost=14781.67..14781.67 rows=416667 width=54) (actual time=296.082..296.083 rows=333333 loops=3)')]),\n",
       " RealDictRow([('QUERY PLAN',\n",
       "               '                                                  Buckets: 65536  Batches: 32  Memory Usage: 3360kB')]),\n",
       " RealDictRow([('QUERY PLAN',\n",
       "               '                                                  ->  Parallel Seq Scan on task39 t9  (cost=0.00..14781.67 rows=416667 width=54) (actual time=0.052..94.843 rows=333333 loops=3)')]),\n",
       " RealDictRow([('QUERY PLAN',\n",
       "               '                                      ->  Parallel Hash  (cost=14786.67..14786.67 rows=416667 width=55) (actual time=435.101..435.103 rows=333333 loops=3)')]),\n",
       " RealDictRow([('QUERY PLAN',\n",
       "               '                                            Buckets: 65536  Batches: 32  Memory Usage: 3328kB')]),\n",
       " RealDictRow([('QUERY PLAN',\n",
       "               '                                            ->  Parallel Seq Scan on task34 t4  (cost=0.00..14786.67 rows=416667 width=55) (actual time=0.046..109.182 rows=333333 loops=3)')]),\n",
       " RealDictRow([('QUERY PLAN',\n",
       "               '                                ->  Parallel Hash  (cost=14793.67..14793.67 rows=416667 width=55) (actual time=306.077..306.078 rows=333333 loops=3)')]),\n",
       " RealDictRow([('QUERY PLAN',\n",
       "               '                                      Buckets: 65536  Batches: 32  Memory Usage: 3328kB')]),\n",
       " RealDictRow([('QUERY PLAN',\n",
       "               '                                      ->  Parallel Seq Scan on task38 t8  (cost=0.00..14793.67 rows=416667 width=55) (actual time=0.045..100.771 rows=333333 loops=3)')]),\n",
       " RealDictRow([('QUERY PLAN',\n",
       "               '              ->  Parallel Hash  (cost=14786.67..14786.67 rows=416667 width=55) (actual time=365.159..365.160 rows=333333 loops=3)')]),\n",
       " RealDictRow([('QUERY PLAN',\n",
       "               '                    Buckets: 65536  Batches: 32  Memory Usage: 3328kB')]),\n",
       " RealDictRow([('QUERY PLAN',\n",
       "               '                    ->  Parallel Seq Scan on task36 t6  (cost=0.00..14786.67 rows=416667 width=55) (actual time=0.045..141.644 rows=333333 loops=3)')]),\n",
       " RealDictRow([('QUERY PLAN',\n",
       "               '        ->  Parallel Hash  (cost=14783.67..14783.67 rows=416667 width=54) (actual time=2222.832..2222.832 rows=333333 loops=3)')]),\n",
       " RealDictRow([('QUERY PLAN',\n",
       "               '              Buckets: 65536  Batches: 32  Memory Usage: 3328kB')]),\n",
       " RealDictRow([('QUERY PLAN',\n",
       "               '              ->  Parallel Seq Scan on task310 t10  (cost=0.00..14783.67 rows=416667 width=54) (actual time=0.065..143.220 rows=333333 loops=3)')]),\n",
       " RealDictRow([('QUERY PLAN', 'Planning Time: 10.885 ms')]),\n",
       " RealDictRow([('QUERY PLAN', 'JIT:')]),\n",
       " RealDictRow([('QUERY PLAN', '  Functions: 204')]),\n",
       " RealDictRow([('QUERY PLAN',\n",
       "               '  Options: Inlining true, Optimization true, Expressions true, Deforming true')]),\n",
       " RealDictRow([('QUERY PLAN',\n",
       "               '  Timing: Generation 51.257 ms, Inlining 635.029 ms, Optimization 2842.739 ms, Emission 1984.791 ms, Total 5513.816 ms')]),\n",
       " RealDictRow([('QUERY PLAN', 'Execution Time: 17146.915 ms')])]"
      ]
     },
     "execution_count": 3,
     "metadata": {},
     "output_type": "execute_result"
    }
   ],
   "source": [
    "\"\"\"\n",
    "Блок 4. Оптимизация через подзапросы\n",
    "\"\"\"\n",
    "\n",
    "import libs.db_connection\n",
    "\n",
    "# Пример большого количества джоинов\n",
    "sql1 = \"\"\"explain (analyze) \n",
    "SELECT * \n",
    "FROM task31 t1\n",
    "left join \n",
    "task32 t2 on t2.link2 = t1.link1\n",
    "left join task33 t3 on t3.link3 = t2.link2\n",
    "left join task34 t4 on t4.link4 = t2.link2\n",
    "left join task37 t7 on t7.link7 = t2.link2\n",
    "left join task38 t8 on t8.link8 = t2.link2\n",
    "left join task39 t9 on t9.link9 = t2.link2\n",
    "left join task35 t5 on t5.link5 = t1.link1\n",
    "left join task36 t6 on t6.link6 = t1.link1\n",
    "left join task310 t10 on t10.link10 = t1.link1;\"\"\"\n",
    "\n",
    "            \n",
    "libs.db_connection.select_data_dict_with_commit(sql1, [])\n",
    "\n"
   ]
  },
  {
   "cell_type": "code",
   "execution_count": 8,
   "id": "2e38f913",
   "metadata": {},
   "outputs": [],
   "source": [
    "# Промежуточная материализация\n",
    "\n",
    "sql1 = \"\"\"create table task3_materialized as \n",
    "select t2.* \n",
    "from task32 t2 \n",
    "left join task33 t3 on t3.link3 = t2.link2\n",
    "left join task34 t4 on t4.link4 = t2.link2\n",
    "left join task37 t7 on t7.link7 = t2.link2\n",
    "left join task38 t8 on t8.link8 = t2.link2;\"\"\"\n",
    "\n",
    "libs.db_connection.execute(sql1)\n"
   ]
  },
  {
   "cell_type": "code",
   "execution_count": 9,
   "id": "a1f77745",
   "metadata": {},
   "outputs": [
    {
     "data": {
      "text/plain": [
       "[RealDictRow([('QUERY PLAN',\n",
       "               'Hash Right Join  (cost=337237.51..499431.66 rows=1352804 width=308) (actual time=5600.457..10578.025 rows=1000000 loops=1)')]),\n",
       " RealDictRow([('QUERY PLAN', '  Hash Cond: (t2.link2 = t1.link1)')]),\n",
       " RealDictRow([('QUERY PLAN',\n",
       "               '  ->  Hash Left Join  (cost=42881.00..116566.10 rows=1352804 width=90) (actual time=749.167..2797.156 rows=1000000 loops=1)')]),\n",
       " RealDictRow([('QUERY PLAN', '        Hash Cond: (t2.link2 = t9.link9)')]),\n",
       " RealDictRow([('QUERY PLAN',\n",
       "               '        ->  Seq Scan on task3_materialized t2  (cost=0.00..24180.04 rows=1352804 width=36) (actual time=0.110..401.278 rows=1000000 loops=1)')]),\n",
       " RealDictRow([('QUERY PLAN',\n",
       "               '        ->  Hash  (cost=20615.00..20615.00 rows=1000000 width=54) (actual time=748.744..748.746 rows=1000000 loops=1)')]),\n",
       " RealDictRow([('QUERY PLAN',\n",
       "               '              Buckets: 65536  Batches: 32  Memory Usage: 3171kB')]),\n",
       " RealDictRow([('QUERY PLAN',\n",
       "               '              ->  Seq Scan on task39 t9  (cost=0.00..20615.00 rows=1000000 width=54) (actual time=0.025..195.812 rows=1000000 loops=1)')]),\n",
       " RealDictRow([('QUERY PLAN',\n",
       "               '  ->  Hash  (cost=251582.51..251582.51 rows=1000000 width=218) (actual time=4851.016..5039.951 rows=1000000 loops=1)')]),\n",
       " RealDictRow([('QUERY PLAN',\n",
       "               '        Buckets: 16384  Batches: 128  Memory Usage: 2096kB')]),\n",
       " RealDictRow([('QUERY PLAN',\n",
       "               '        ->  Gather  (cost=73187.01..251582.51 rows=1000000 width=218) (actual time=3285.508..4090.593 rows=1000000 loops=1)')]),\n",
       " RealDictRow([('QUERY PLAN', '              Workers Planned: 2')]),\n",
       " RealDictRow([('QUERY PLAN', '              Workers Launched: 2')]),\n",
       " RealDictRow([('QUERY PLAN',\n",
       "               '              ->  Parallel Hash Left Join  (cost=72187.01..150582.51 rows=416667 width=218) (actual time=3226.779..3715.838 rows=333333 loops=3)')]),\n",
       " RealDictRow([('QUERY PLAN',\n",
       "               '                    Hash Cond: (t1.link1 = t10.link10)')]),\n",
       " RealDictRow([('QUERY PLAN',\n",
       "               '                    ->  Parallel Hash Left Join  (cost=48125.01..99619.90 rows=416667 width=164) (actual time=2060.324..2489.095 rows=333333 loops=3)')]),\n",
       " RealDictRow([('QUERY PLAN',\n",
       "               '                          Hash Cond: (t1.link1 = t6.link6)')]),\n",
       " RealDictRow([('QUERY PLAN',\n",
       "               '                          ->  Parallel Hash Left Join  (cost=24060.00..54350.28 rows=416667 width=109) (actual time=661.193..1341.565 rows=333333 loops=3)')]),\n",
       " RealDictRow([('QUERY PLAN',\n",
       "               '                                Hash Cond: (t1.link1 = t5.link5)')]),\n",
       " RealDictRow([('QUERY PLAN',\n",
       "               '                                ->  Parallel Seq Scan on task31 t1  (cost=0.00..14781.67 rows=416667 width=55) (actual time=0.047..107.905 rows=333333 loops=3)')]),\n",
       " RealDictRow([('QUERY PLAN',\n",
       "               '                                ->  Parallel Hash  (cost=14781.67..14781.67 rows=416667 width=54) (actual time=318.202..318.203 rows=333333 loops=3)')]),\n",
       " RealDictRow([('QUERY PLAN',\n",
       "               '                                      Buckets: 65536  Batches: 32  Memory Usage: 3360kB')]),\n",
       " RealDictRow([('QUERY PLAN',\n",
       "               '                                      ->  Parallel Seq Scan on task35 t5  (cost=0.00..14781.67 rows=416667 width=54) (actual time=0.049..108.952 rows=333333 loops=3)')]),\n",
       " RealDictRow([('QUERY PLAN',\n",
       "               '                          ->  Parallel Hash  (cost=14786.67..14786.67 rows=416667 width=55) (actual time=290.987..290.988 rows=333333 loops=3)')]),\n",
       " RealDictRow([('QUERY PLAN',\n",
       "               '                                Buckets: 65536  Batches: 32  Memory Usage: 3360kB')]),\n",
       " RealDictRow([('QUERY PLAN',\n",
       "               '                                ->  Parallel Seq Scan on task36 t6  (cost=0.00..14786.67 rows=416667 width=55) (actual time=0.037..87.235 rows=333333 loops=3)')]),\n",
       " RealDictRow([('QUERY PLAN',\n",
       "               '                    ->  Parallel Hash  (cost=14783.67..14783.67 rows=416667 width=54) (actual time=324.172..324.173 rows=333333 loops=3)')]),\n",
       " RealDictRow([('QUERY PLAN',\n",
       "               '                          Buckets: 65536  Batches: 32  Memory Usage: 3360kB')]),\n",
       " RealDictRow([('QUERY PLAN',\n",
       "               '                          ->  Parallel Seq Scan on task310 t10  (cost=0.00..14783.67 rows=416667 width=54) (actual time=0.090..91.178 rows=333333 loops=3)')]),\n",
       " RealDictRow([('QUERY PLAN', 'Planning Time: 1.440 ms')]),\n",
       " RealDictRow([('QUERY PLAN', 'JIT:')]),\n",
       " RealDictRow([('QUERY PLAN', '  Functions: 88')]),\n",
       " RealDictRow([('QUERY PLAN',\n",
       "               '  Options: Inlining false, Optimization false, Expressions true, Deforming true')]),\n",
       " RealDictRow([('QUERY PLAN',\n",
       "               '  Timing: Generation 22.786 ms, Inlining 0.000 ms, Optimization 3.295 ms, Emission 132.717 ms, Total 158.798 ms')]),\n",
       " RealDictRow([('QUERY PLAN', 'Execution Time: 10788.338 ms')])]"
      ]
     },
     "execution_count": 9,
     "metadata": {},
     "output_type": "execute_result"
    }
   ],
   "source": [
    "# Переписанный запрос\n",
    "sql1 = \"\"\"explain (analyze) \n",
    "SELECT * \n",
    "FROM task31 t1\n",
    "left join task3_materialized t2 on t2.link2 = t1.link1\n",
    "left join task39 t9 on t9.link9 = t2.link2\n",
    "left join task35 t5 on t5.link5 = t1.link1\n",
    "left join task36 t6 on t6.link6 = t1.link1\n",
    "left join task310 t10 on t10.link10 = t1.link1\n",
    "\"\"\"\n",
    "\n",
    "libs.db_connection.select_data_dict_with_commit(sql1, [])"
   ]
  },
  {
   "cell_type": "code",
   "execution_count": 2,
   "id": "c083651e",
   "metadata": {},
   "outputs": [
    {
     "data": {
      "text/plain": [
       "[RealDictRow([('QUERY PLAN',\n",
       "               'Gather  (cost=270718.09..481710.21 rows=1000000 width=272) (actual time=15471.510..16716.134 rows=1000000 loops=1)')]),\n",
       " RealDictRow([('QUERY PLAN', '  Workers Planned: 2')]),\n",
       " RealDictRow([('QUERY PLAN', '  Workers Launched: 2')]),\n",
       " RealDictRow([('QUERY PLAN',\n",
       "               '  ->  Parallel Hash Left Join  (cost=269718.09..380710.21 rows=416667 width=272) (actual time=15410.509..15654.551 rows=333333 loops=3)')]),\n",
       " RealDictRow([('QUERY PLAN', '        Hash Cond: (t1.link1 = t10.link10)')]),\n",
       " RealDictRow([('QUERY PLAN',\n",
       "               '        ->  Parallel Hash Left Join  (cost=245656.09..324051.59 rows=416667 width=218) (actual time=13691.174..13999.628 rows=333333 loops=3)')]),\n",
       " RealDictRow([('QUERY PLAN',\n",
       "               '              Hash Cond: (t1.link1 = t6.link6)')]),\n",
       " RealDictRow([('QUERY PLAN',\n",
       "               '              ->  Parallel Hash Left Join  (cost=221591.09..273085.97 rows=416667 width=163) (actual time=11039.102..12303.734 rows=333333 loops=3)')]),\n",
       " RealDictRow([('QUERY PLAN',\n",
       "               '                    Hash Cond: (t1.link1 = t5.link5)')]),\n",
       " RealDictRow([('QUERY PLAN',\n",
       "               '                    ->  Parallel Hash Left Join  (cost=197531.08..227821.36 rows=416667 width=109) (actual time=9584.096..9959.974 rows=333333 loops=3)')]),\n",
       " RealDictRow([('QUERY PLAN',\n",
       "               '                          Hash Cond: (t1.link1 = t2.link2)')]),\n",
       " RealDictRow([('QUERY PLAN',\n",
       "               '                          ->  Parallel Seq Scan on task31 t1  (cost=0.00..14781.67 rows=416667 width=55) (actual time=0.108..71.224 rows=333333 loops=3)')]),\n",
       " RealDictRow([('QUERY PLAN',\n",
       "               '                          ->  Parallel Hash  (cost=188252.74..188252.74 rows=416667 width=54) (actual time=9334.271..9334.286 rows=333333 loops=3)')]),\n",
       " RealDictRow([('QUERY PLAN',\n",
       "               '                                Buckets: 65536  Batches: 32  Memory Usage: 3328kB')]),\n",
       " RealDictRow([('QUERY PLAN',\n",
       "               '                                ->  Parallel Hash Left Join  (cost=108124.02..188252.74 rows=416667 width=54) (actual time=7648.184..8355.842 rows=333333 loops=3)')]),\n",
       " RealDictRow([('QUERY PLAN',\n",
       "               '                                      Hash Cond: (t2.link2 = t9.link9)')]),\n",
       " RealDictRow([('QUERY PLAN',\n",
       "               '                                      ->  Parallel Hash Left Join  (cost=86506.02..153568.13 rows=416667 width=54) (actual time=6124.875..6522.156 rows=333333 loops=3)')]),\n",
       " RealDictRow([('QUERY PLAN',\n",
       "               '                                            Hash Cond: (t2.link2 = t8.link8)')]),\n",
       " RealDictRow([('QUERY PLAN',\n",
       "               '                                            ->  Parallel Hash Left Join  (cost=64876.01..118871.51 rows=416667 width=54) (actual time=4596.457..5106.601 rows=333333 loops=3)')]),\n",
       " RealDictRow([('QUERY PLAN',\n",
       "               '                                                  Hash Cond: (t2.link2 = t7.link7)')]),\n",
       " RealDictRow([('QUERY PLAN',\n",
       "               '                                                  ->  Parallel Hash Left Join  (cost=43249.01..84177.90 rows=416667 width=54) (actual time=1698.735..2142.448 rows=333333 loops=3)')]),\n",
       " RealDictRow([('QUERY PLAN',\n",
       "               '                                                        Hash Cond: (t2.link2 = t4.link4)')]),\n",
       " RealDictRow([('QUERY PLAN',\n",
       "               '                                                        ->  Parallel Hash Left Join  (cost=21626.00..49488.28 rows=416667 width=54) (actual time=652.541..1122.808 rows=333333 loops=3)')]),\n",
       " RealDictRow([('QUERY PLAN',\n",
       "               '                                                              Hash Cond: (t2.link2 = t3.link3)')]),\n",
       " RealDictRow([('QUERY PLAN',\n",
       "               '                                                              ->  Parallel Seq Scan on task32 t2  (cost=0.00..14795.67 rows=416667 width=54) (actual time=0.042..125.077 rows=333333 loops=3)')]),\n",
       " RealDictRow([('QUERY PLAN',\n",
       "               '                                                              ->  Parallel Hash  (cost=14789.67..14789.67 rows=416667 width=4) (actual time=296.384..296.385 rows=333333 loops=3)')]),\n",
       " RealDictRow([('QUERY PLAN',\n",
       "               '                                                                    Buckets: 131072  Batches: 16  Memory Usage: 3520kB')]),\n",
       " RealDictRow([('QUERY PLAN',\n",
       "               '                                                                    ->  Parallel Seq Scan on task33 t3  (cost=0.00..14789.67 rows=416667 width=4) (actual time=0.082..105.562 rows=333333 loops=3)')]),\n",
       " RealDictRow([('QUERY PLAN',\n",
       "               '                                                        ->  Parallel Hash  (cost=14786.67..14786.67 rows=416667 width=4) (actual time=272.648..272.649 rows=333333 loops=3)')]),\n",
       " RealDictRow([('QUERY PLAN',\n",
       "               '                                                              Buckets: 131072  Batches: 16  Memory Usage: 3520kB')]),\n",
       " RealDictRow([('QUERY PLAN',\n",
       "               '                                                              ->  Parallel Seq Scan on task34 t4  (cost=0.00..14786.67 rows=416667 width=4) (actual time=0.089..125.880 rows=333333 loops=3)')]),\n",
       " RealDictRow([('QUERY PLAN',\n",
       "               '                                                  ->  Parallel Hash  (cost=14790.67..14790.67 rows=416667 width=4) (actual time=1016.362..1016.363 rows=333333 loops=3)')]),\n",
       " RealDictRow([('QUERY PLAN',\n",
       "               '                                                        Buckets: 131072  Batches: 16  Memory Usage: 3520kB')]),\n",
       " RealDictRow([('QUERY PLAN',\n",
       "               '                                                        ->  Parallel Seq Scan on task37 t7  (cost=0.00..14790.67 rows=416667 width=4) (actual time=0.634..850.238 rows=333333 loops=3)')]),\n",
       " RealDictRow([('QUERY PLAN',\n",
       "               '                                            ->  Parallel Hash  (cost=14793.67..14793.67 rows=416667 width=4) (actual time=763.461..763.462 rows=333333 loops=3)')]),\n",
       " RealDictRow([('QUERY PLAN',\n",
       "               '                                                  Buckets: 131072  Batches: 16  Memory Usage: 3552kB')]),\n",
       " RealDictRow([('QUERY PLAN',\n",
       "               '                                                  ->  Parallel Seq Scan on task38 t8  (cost=0.00..14793.67 rows=416667 width=4) (actual time=1.258..655.588 rows=333333 loops=3)')]),\n",
       " RealDictRow([('QUERY PLAN',\n",
       "               '                                      ->  Parallel Hash  (cost=14781.67..14781.67 rows=416667 width=4) (actual time=870.860..870.860 rows=333333 loops=3)')]),\n",
       " RealDictRow([('QUERY PLAN',\n",
       "               '                                            Buckets: 131072  Batches: 16  Memory Usage: 3520kB')]),\n",
       " RealDictRow([('QUERY PLAN',\n",
       "               '                                            ->  Parallel Seq Scan on task39 t9  (cost=0.00..14781.67 rows=416667 width=4) (actual time=1.102..754.514 rows=333333 loops=3)')]),\n",
       " RealDictRow([('QUERY PLAN',\n",
       "               '                    ->  Parallel Hash  (cost=14781.67..14781.67 rows=416667 width=54) (actual time=781.732..781.732 rows=333333 loops=3)')]),\n",
       " RealDictRow([('QUERY PLAN',\n",
       "               '                          Buckets: 65536  Batches: 32  Memory Usage: 3360kB')]),\n",
       " RealDictRow([('QUERY PLAN',\n",
       "               '                          ->  Parallel Seq Scan on task35 t5  (cost=0.00..14781.67 rows=416667 width=54) (actual time=1.781..607.580 rows=333333 loops=3)')]),\n",
       " RealDictRow([('QUERY PLAN',\n",
       "               '              ->  Parallel Hash  (cost=14786.67..14786.67 rows=416667 width=55) (actual time=962.540..962.541 rows=333333 loops=3)')]),\n",
       " RealDictRow([('QUERY PLAN',\n",
       "               '                    Buckets: 65536  Batches: 32  Memory Usage: 3328kB')]),\n",
       " RealDictRow([('QUERY PLAN',\n",
       "               '                    ->  Parallel Seq Scan on task36 t6  (cost=0.00..14786.67 rows=416667 width=55) (actual time=1.839..809.021 rows=333333 loops=3)')]),\n",
       " RealDictRow([('QUERY PLAN',\n",
       "               '        ->  Parallel Hash  (cost=14783.67..14783.67 rows=416667 width=54) (actual time=1094.318..1094.318 rows=333333 loops=3)')]),\n",
       " RealDictRow([('QUERY PLAN',\n",
       "               '              Buckets: 65536  Batches: 32  Memory Usage: 3360kB')]),\n",
       " RealDictRow([('QUERY PLAN',\n",
       "               '              ->  Parallel Seq Scan on task310 t10  (cost=0.00..14783.67 rows=416667 width=54) (actual time=1.584..878.907 rows=333333 loops=3)')]),\n",
       " RealDictRow([('QUERY PLAN', 'Planning Time: 5.470 ms')]),\n",
       " RealDictRow([('QUERY PLAN', 'JIT:')]),\n",
       " RealDictRow([('QUERY PLAN', '  Functions: 204')]),\n",
       " RealDictRow([('QUERY PLAN',\n",
       "               '  Options: Inlining false, Optimization false, Expressions true, Deforming true')]),\n",
       " RealDictRow([('QUERY PLAN',\n",
       "               '  Timing: Generation 27.514 ms, Inlining 0.000 ms, Optimization 12.611 ms, Emission 208.412 ms, Total 248.537 ms')]),\n",
       " RealDictRow([('QUERY PLAN', 'Execution Time: 16865.071 ms')])]"
      ]
     },
     "execution_count": 2,
     "metadata": {},
     "output_type": "execute_result"
    }
   ],
   "source": [
    "# Переписанный запрос\n",
    "sql1 = \"\"\"explain (analyze) \n",
    "SELECT * \n",
    "FROM task31 t1\n",
    "left join \n",
    "(\n",
    "select t2.* \n",
    "from task32 t2 \n",
    "left join task33 t3 on t3.link3 = t2.link2\n",
    "left join task34 t4 on t4.link4 = t2.link2\n",
    "left join task37 t7 on t7.link7 = t2.link2\n",
    "left join task38 t8 on t8.link8 = t2.link2\n",
    "left join task39 t9 on t9.link9 = t2.link2\n",
    ")\n",
    "t2 on t2.link2 = t1.link1\n",
    "left join task35 t5 on t5.link5 = t1.link1\n",
    "left join task36 t6 on t6.link6 = t1.link1\n",
    "left join task310 t10 on t10.link10 = t1.link1;\"\"\"\n",
    "\n",
    "libs.db_connection.select_data_dict_with_commit(sql1, [])\n"
   ]
  },
  {
   "cell_type": "code",
   "execution_count": null,
   "id": "54d5f683",
   "metadata": {
    "collapsed": true
   },
   "outputs": [],
   "source": [
    "# Задание\n",
    "# Посмотреть запрос и переписать его через промежуточную материализацию\n",
    "\n",
    "\n",
    "sql1 = \"\"\"explain (analyze)\n",
    "SELECT * \n",
    "FROM task35 t5\n",
    "left join task37 t7 on t7.link7 = t5.link5\n",
    "left join task36 t6 on t6.link6 = t7.link7\n",
    ";\"\"\"\n",
    "\n",
    "            \n",
    "libs.db_connection.select_data_dict_with_commit(sql1, [])\n"
   ]
  },
  {
   "cell_type": "code",
   "execution_count": null,
   "id": "4460fe8a",
   "metadata": {
    "collapsed": true
   },
   "outputs": [],
   "source": [
    "# Результат\n",
    "\n",
    "sql1 = \"\"\"\n",
    "explain (analyze)\n",
    "select *\n",
    "from\n",
    "\"\"\"\n",
    "\n",
    "            \n",
    "libs.db_connection.select_data_dict_with_commit(sql1, [])"
   ]
  },
  {
   "cell_type": "code",
   "execution_count": null,
   "id": "f2ae7c66",
   "metadata": {
    "collapsed": true
   },
   "outputs": [],
   "source": [
    "# Переписанный запрос\n",
    "sql1 = \"\"\"\n",
    "\n",
    "\"\"\"\n",
    "\n",
    "libs.db_connection.select_data_dict_with_commit(sql1, [])"
   ]
  }
 ],
 "metadata": {
  "kernelspec": {
   "display_name": "Python 3 (ipykernel)",
   "language": "python",
   "name": "python3"
  },
  "language_info": {
   "codemirror_mode": {
    "name": "ipython",
    "version": 3
   },
   "file_extension": ".py",
   "mimetype": "text/x-python",
   "name": "python",
   "nbconvert_exporter": "python",
   "pygments_lexer": "ipython3",
   "version": "3.9.7"
  }
 },
 "nbformat": 4,
 "nbformat_minor": 5
}
